<?xml version="1.0" encoding="UTF-8"?>
<!-- Generated by org.testng.reporters.JUnitReportReporter -->
<testsuite hostname="sony-VAIO" failures="0" tests="1" name="DataDrivenFramework.DDF" time="17.182" errors="0" timestamp="03 Feb 2018 04:03:01 GMT" skipped="0">
  <testcase classname="DataDrivenFramework.DDF" name="testApp" time="17.182"/>
</testsuite> <!-- DataDrivenFramework.DDF -->
